<?xml version="1.0" encoding="UTF-8"?>
<!-- Generated by org.testng.reporters.JUnitXMLReporter -->
<testsuite ignored="0" hostname="DESKTOP-M4AT5QO" failures="0" tests="3" name="ParallelTestExecution" time="22.226" errors="0" timestamp="2026-03-12T02:39:57 IST">
  <testcase classname="test.watchSBtntest" name="exceltest" time="6.89"/>
  <testcase classname="test.ordertest" name="selectprod" time="10.418"/>
  <testcase classname="test.testcart" name="ChooseProduct" time="15.943"/>
</testsuite> <!-- ParallelTestExecution -->
